<?xml version="1.0" encoding="UTF-8"?>
<!-- Generated by org.testng.reporters.JUnitXMLReporter -->
<testsuite ignored="0" hostname="Shruti" failures="1" tests="4" name="Default test" time="17.464" errors="0" timestamp="2026-07-17T08:59:18 IST">
  <testcase classname="io.cucumber.testng.AbstractTestNGCucumberTests" name="runScenario" time="7.775"/>
  <testcase classname="io.cucumber.testng.AbstractTestNGCucumberTests" name="runScenario" time="4.219"/>
  <testcase classname="io.cucumber.testng.AbstractTestNGCucumberTests" name="runScenario" time="2.958">
    <failure type="io.cucumber.testng.UndefinedStepException" message="The step &amp;apos;User clicks Logout&amp;apos; and 1 other step(s) are undefined.
You can implement these steps using the snippet(s) below:

@When(&amp;quot;User clicks Logout&amp;quot;)
public void user_clicks_logout() {
    // Write code here that turns the phrase above into concrete actions
    throw new io.cucumber.java.PendingException();
}
@Then(&amp;quot;User should be logged out successfully&amp;quot;)
public void user_should_be_logged_out_successfully() {
    // Write code here that turns the phrase above into concrete actions
    throw new io.cucumber.java.PendingException();
}
">
      <![CDATA[io.cucumber.testng.UndefinedStepException: The step 'User clicks Logout' and 1 other step(s) are undefined.
You can implement these steps using the snippet(s) below:

@When("User clicks Logout")
public void user_clicks_logout() {
    // Write code here that turns the phrase above into concrete actions
    throw new io.cucumber.java.PendingException();
}
@Then("User should be logged out successfully")
public void user_should_be_logged_out_successfully() {
    // Write code here that turns the phrase above into concrete actions
    throw new io.cucumber.java.PendingException();
}

at ✽.User clicks Logout(file:///C:/Users/shrut/eclipse-workspace/TutorialsNinjaAutomation/src/test/resources/features/logout.feature:11)
]]>
    </failure>
  </testcase> <!-- runScenario -->
  <testcase classname="io.cucumber.testng.AbstractTestNGCucumberTests" name="runScenario" time="1.896"/>
</testsuite> <!-- Default test -->
