<?xml version="1.0" encoding="UTF-8"?>
<!-- Generated by org.testng.reporters.JUnitReportReporter -->
<testsuite hostname="Shruti" failures="0" tests="4" name="com.tutorialsninja.runners.TestRunner" time="16.848" errors="1" timestamp="2026-07-17T08:59:18 IST" skipped="0">
  <testcase classname="com.tutorialsninja.runners.TestRunner" name="runScenario" time="2.958">
    <error message="The step &#039;User clicks Logout&#039; and 1 other step(s) are undefined.
You can implement these steps using the snippet(s) below:

@When(&quot;User clicks Logout&quot;)
public void user_clicks_logout() {
    // Write code here that turns the phrase above into concrete actions
    throw new io.cucumber.java.PendingException();
}
@Then(&quot;User should be logged out successfully&quot;)
public void user_should_be_logged_out_successfully() {
    // Write code here that turns the phrase above into concrete actions
    throw new io.cucumber.java.PendingException();
}
" type="io.cucumber.testng.UndefinedStepException">
      <![CDATA[io.cucumber.testng.UndefinedStepException: The step 'User clicks Logout' and 1 other step(s) are undefined.
You can implement these steps using the snippet(s) below:

@When("User clicks Logout")
public void user_clicks_logout() {
    // Write code here that turns the phrase above into concrete actions
    throw new io.cucumber.java.PendingException();
}
@Then("User should be logged out successfully")
public void user_should_be_logged_out_successfully() {
    // Write code here that turns the phrase above into concrete actions
    throw new io.cucumber.java.PendingException();
}

at ✽.User clicks Logout(file:///C:/Users/shrut/eclipse-workspace/TutorialsNinjaAutomation/src/test/resources/features/logout.feature:11)
]]>
    </error>
  </testcase> <!-- runScenario -->
  <testcase classname="com.tutorialsninja.runners.TestRunner" name="runScenario" time="1.896"/>
  <testcase classname="com.tutorialsninja.runners.TestRunner" name="runScenario" time="4.219"/>
  <testcase classname="com.tutorialsninja.runners.TestRunner" name="runScenario" time="7.775"/>
</testsuite> <!-- com.tutorialsninja.runners.TestRunner -->
